<?xml version="1.0" encoding="UTF-8"?>
<!-- Generated by org.testng.reporters.JUnitReportReporter -->
<testsuite hostname="rvkinfotech-Lenovo-G50-70" failures="0" tests="2" name="com.hrm.login.tests.SimpleTest" time="0.035" errors="0" timestamp="2021-10-28T09:53:54 IST" skipped="0">
  <testcase classname="com.hrm.login.tests.SimpleTest" name="print" time="0.005"/>
  <system-out/>
  <testcase classname="com.hrm.login.tests.SimpleTest" name="display" time="0.030"/>
  <system-out/>
</testsuite> <!-- com.hrm.login.tests.SimpleTest -->
